2024-04-19 10:08:16,120 - utilities.logger - INFO - Base URL set to 'https://reqres.in/api'
2024-04-19 10:08:16,121 - utilities.logger - INFO - Sending a GET request to '/users'
2024-04-19 10:08:16,597 - utilities.logger - INFO - Response status code: 200
2024-04-19 10:08:16,597 - utilities.logger - INFO - Response JSON:
2024-04-19 10:08:16,597 - utilities.logger - INFO - {'page': 1, 'per_page': 6, 'total': 12, 'total_pages': 2, 'data': [{'id': 1, 'email': 'george.bluth@reqres.in', 'first_name': 'George', 'last_name': 'Bluth', 'avatar': 'https://reqres.in/img/faces/1-image.jpg'}, {'id': 2, 'email': 'janet.weaver@reqres.in', 'first_name': 'Janet', 'last_name': 'Weaver', 'avatar': 'https://reqres.in/img/faces/2-image.jpg'}, {'id': 3, 'email': 'emma.wong@reqres.in', 'first_name': 'Emma', 'last_name': 'Wong', 'avatar': 'https://reqres.in/img/faces/3-image.jpg'}, {'id': 4, 'email': 'eve.holt@reqres.in', 'first_name': 'Eve', 'last_name': 'Holt', 'avatar': 'https://reqres.in/img/faces/4-image.jpg'}, {'id': 5, 'email': 'charles.morris@reqres.in', 'first_name': 'Charles', 'last_name': 'Morris', 'avatar': 'https://reqres.in/img/faces/5-image.jpg'}, {'id': 6, 'email': 'tracey.ramos@reqres.in', 'first_name': 'Tracey', 'last_name': 'Ramos', 'avatar': 'https://reqres.in/img/faces/6-image.jpg'}], 'support': {'url': 'https://reqres.in/#support-heading', 'text': 'To keep ReqRes free, contributions towards server costs are appreciated!'}}
2024-04-19 10:08:16,601 - utilities.logger - INFO - Base URL set to 'https://reqres.in/api'
2024-04-19 10:08:16,601 - utilities.logger - INFO - Sending a GET request to '/users/7'
2024-04-19 10:08:17,091 - utilities.logger - INFO - Response status code: 200
2024-04-19 10:08:17,091 - utilities.logger - INFO - Response JSON:
2024-04-19 10:08:17,091 - utilities.logger - INFO - {'page': 1, 'per_page': 6, 'total': 12, 'total_pages': 2, 'data': [{'id': 1, 'email': 'george.bluth@reqres.in', 'first_name': 'George', 'last_name': 'Bluth', 'avatar': 'https://reqres.in/img/faces/1-image.jpg'}, {'id': 2, 'email': 'janet.weaver@reqres.in', 'first_name': 'Janet', 'last_name': 'Weaver', 'avatar': 'https://reqres.in/img/faces/2-image.jpg'}, {'id': 3, 'email': 'emma.wong@reqres.in', 'first_name': 'Emma', 'last_name': 'Wong', 'avatar': 'https://reqres.in/img/faces/3-image.jpg'}, {'id': 4, 'email': 'eve.holt@reqres.in', 'first_name': 'Eve', 'last_name': 'Holt', 'avatar': 'https://reqres.in/img/faces/4-image.jpg'}, {'id': 5, 'email': 'charles.morris@reqres.in', 'first_name': 'Charles', 'last_name': 'Morris', 'avatar': 'https://reqres.in/img/faces/5-image.jpg'}, {'id': 6, 'email': 'tracey.ramos@reqres.in', 'first_name': 'Tracey', 'last_name': 'Ramos', 'avatar': 'https://reqres.in/img/faces/6-image.jpg'}], 'support': {'url': 'https://reqres.in/#support-heading', 'text': 'To keep ReqRes free, contributions towards server costs are appreciated!'}}
2024-04-19 10:08:17,097 - utilities.logger - INFO - Base URL set to 'https://reqres.in/api'
2024-04-19 10:08:17,097 - utilities.logger - INFO - Sending a GET request to '/users/8'
2024-04-19 10:08:17,555 - utilities.logger - INFO - Response status code: 200
2024-04-19 10:08:17,556 - utilities.logger - INFO - Response JSON:
2024-04-19 10:08:17,556 - utilities.logger - INFO - {'page': 1, 'per_page': 6, 'total': 12, 'total_pages': 2, 'data': [{'id': 1, 'email': 'george.bluth@reqres.in', 'first_name': 'George', 'last_name': 'Bluth', 'avatar': 'https://reqres.in/img/faces/1-image.jpg'}, {'id': 2, 'email': 'janet.weaver@reqres.in', 'first_name': 'Janet', 'last_name': 'Weaver', 'avatar': 'https://reqres.in/img/faces/2-image.jpg'}, {'id': 3, 'email': 'emma.wong@reqres.in', 'first_name': 'Emma', 'last_name': 'Wong', 'avatar': 'https://reqres.in/img/faces/3-image.jpg'}, {'id': 4, 'email': 'eve.holt@reqres.in', 'first_name': 'Eve', 'last_name': 'Holt', 'avatar': 'https://reqres.in/img/faces/4-image.jpg'}, {'id': 5, 'email': 'charles.morris@reqres.in', 'first_name': 'Charles', 'last_name': 'Morris', 'avatar': 'https://reqres.in/img/faces/5-image.jpg'}, {'id': 6, 'email': 'tracey.ramos@reqres.in', 'first_name': 'Tracey', 'last_name': 'Ramos', 'avatar': 'https://reqres.in/img/faces/6-image.jpg'}], 'support': {'url': 'https://reqres.in/#support-heading', 'text': 'To keep ReqRes free, contributions towards server costs are appreciated!'}}
2024-04-19 10:08:17,560 - utilities.logger - INFO - Base URL set to 'https://reqres.in/api'
2024-04-19 10:08:17,560 - utilities.logger - INFO - Sending a GET request to '/users/9'
2024-04-19 10:08:17,992 - utilities.logger - INFO - Response status code: 200
2024-04-19 10:08:17,992 - utilities.logger - INFO - Response JSON:
2024-04-19 10:08:17,993 - utilities.logger - INFO - {'page': 1, 'per_page': 6, 'total': 12, 'total_pages': 2, 'data': [{'id': 1, 'email': 'george.bluth@reqres.in', 'first_name': 'George', 'last_name': 'Bluth', 'avatar': 'https://reqres.in/img/faces/1-image.jpg'}, {'id': 2, 'email': 'janet.weaver@reqres.in', 'first_name': 'Janet', 'last_name': 'Weaver', 'avatar': 'https://reqres.in/img/faces/2-image.jpg'}, {'id': 3, 'email': 'emma.wong@reqres.in', 'first_name': 'Emma', 'last_name': 'Wong', 'avatar': 'https://reqres.in/img/faces/3-image.jpg'}, {'id': 4, 'email': 'eve.holt@reqres.in', 'first_name': 'Eve', 'last_name': 'Holt', 'avatar': 'https://reqres.in/img/faces/4-image.jpg'}, {'id': 5, 'email': 'charles.morris@reqres.in', 'first_name': 'Charles', 'last_name': 'Morris', 'avatar': 'https://reqres.in/img/faces/5-image.jpg'}, {'id': 6, 'email': 'tracey.ramos@reqres.in', 'first_name': 'Tracey', 'last_name': 'Ramos', 'avatar': 'https://reqres.in/img/faces/6-image.jpg'}], 'support': {'url': 'https://reqres.in/#support-heading', 'text': 'To keep ReqRes free, contributions towards server costs are appreciated!'}}
2024-04-19 10:08:17,995 - utilities.logger - INFO - Base URL set to 'https://reqres.in/api'
2024-04-19 10:08:17,996 - utilities.logger - INFO - Sending a GET request to '/users/10'
2024-04-19 10:08:18,478 - utilities.logger - INFO - Response status code: 200
2024-04-19 10:08:18,478 - utilities.logger - INFO - Response JSON:
2024-04-19 10:08:18,479 - utilities.logger - INFO - {'page': 1, 'per_page': 6, 'total': 12, 'total_pages': 2, 'data': [{'id': 1, 'email': 'george.bluth@reqres.in', 'first_name': 'George', 'last_name': 'Bluth', 'avatar': 'https://reqres.in/img/faces/1-image.jpg'}, {'id': 2, 'email': 'janet.weaver@reqres.in', 'first_name': 'Janet', 'last_name': 'Weaver', 'avatar': 'https://reqres.in/img/faces/2-image.jpg'}, {'id': 3, 'email': 'emma.wong@reqres.in', 'first_name': 'Emma', 'last_name': 'Wong', 'avatar': 'https://reqres.in/img/faces/3-image.jpg'}, {'id': 4, 'email': 'eve.holt@reqres.in', 'first_name': 'Eve', 'last_name': 'Holt', 'avatar': 'https://reqres.in/img/faces/4-image.jpg'}, {'id': 5, 'email': 'charles.morris@reqres.in', 'first_name': 'Charles', 'last_name': 'Morris', 'avatar': 'https://reqres.in/img/faces/5-image.jpg'}, {'id': 6, 'email': 'tracey.ramos@reqres.in', 'first_name': 'Tracey', 'last_name': 'Ramos', 'avatar': 'https://reqres.in/img/faces/6-image.jpg'}], 'support': {'url': 'https://reqres.in/#support-heading', 'text': 'To keep ReqRes free, contributions towards server costs are appreciated!'}}
2024-04-19 10:08:18,483 - utilities.logger - INFO - Base URL set to 'https://reqres.in/api'
2024-04-19 10:08:18,483 - utilities.logger - INFO - Sending a POST request to '/users' with name='John Doe' and job='Software Engineer'
2024-04-19 10:08:18,912 - utilities.logger - INFO - Response status code: 201
2024-04-19 10:08:18,912 - utilities.logger - INFO - Response JSON: 
2024-04-19 10:08:18,914 - utilities.logger - INFO - Base URL set to 'https://reqres.in/api'
2024-04-19 10:08:18,915 - utilities.logger - INFO - Sending a POST request to '/users' with name='Randy' and job='doctor'
2024-04-19 10:08:19,304 - utilities.logger - INFO - Response status code: 201
2024-04-19 10:08:19,304 - utilities.logger - INFO - Response JSON: 
2024-04-19 10:08:19,314 - utilities.logger - INFO - Base URL set to 'https://reqres.in/api'
2024-04-19 10:08:19,317 - utilities.logger - INFO - Sending a PUT request to '/users/8' with name='Doe' and job='AI Engineer'
2024-04-19 10:08:19,905 - utilities.logger - INFO - Response status code: 200
2024-04-19 10:08:19,906 - utilities.logger - INFO - Response JSON:
2024-04-19 10:08:19,906 - utilities.logger - INFO - {'page': 1, 'per_page': 6, 'total': 12, 'total_pages': 2, 'data': [{'id': 1, 'email': 'george.bluth@reqres.in', 'first_name': 'George', 'last_name': 'Bluth', 'avatar': 'https://reqres.in/img/faces/1-image.jpg'}, {'id': 2, 'email': 'janet.weaver@reqres.in', 'first_name': 'Janet', 'last_name': 'Weaver', 'avatar': 'https://reqres.in/img/faces/2-image.jpg'}, {'id': 3, 'email': 'emma.wong@reqres.in', 'first_name': 'Emma', 'last_name': 'Wong', 'avatar': 'https://reqres.in/img/faces/3-image.jpg'}, {'id': 4, 'email': 'eve.holt@reqres.in', 'first_name': 'Eve', 'last_name': 'Holt', 'avatar': 'https://reqres.in/img/faces/4-image.jpg'}, {'id': 5, 'email': 'charles.morris@reqres.in', 'first_name': 'Charles', 'last_name': 'Morris', 'avatar': 'https://reqres.in/img/faces/5-image.jpg'}, {'id': 6, 'email': 'tracey.ramos@reqres.in', 'first_name': 'Tracey', 'last_name': 'Ramos', 'avatar': 'https://reqres.in/img/faces/6-image.jpg'}], 'support': {'url': 'https://reqres.in/#support-heading', 'text': 'To keep ReqRes free, contributions towards server costs are appreciated!'}}
2024-04-19 10:08:19,917 - utilities.logger - INFO - Response status code: 200
2024-04-19 10:08:19,917 - utilities.logger - INFO - Response JSON:
2024-04-19 10:08:19,917 - utilities.logger - INFO - {'name': 'Doe', 'job': 'AI Engineer'}
2024-04-19 10:08:19,933 - utilities.logger - INFO - Base URL set to 'https://reqres.in/api'
2024-04-19 10:08:19,940 - utilities.logger - INFO - Sending a PUT request to '/users/9' with name='Ray jones' and job='Eye doctor'
2024-04-19 10:08:20,499 - utilities.logger - INFO - Response status code: 200
2024-04-19 10:08:20,499 - utilities.logger - INFO - Response JSON:
2024-04-19 10:08:20,499 - utilities.logger - INFO - {'page': 1, 'per_page': 6, 'total': 12, 'total_pages': 2, 'data': [{'id': 1, 'email': 'george.bluth@reqres.in', 'first_name': 'George', 'last_name': 'Bluth', 'avatar': 'https://reqres.in/img/faces/1-image.jpg'}, {'id': 2, 'email': 'janet.weaver@reqres.in', 'first_name': 'Janet', 'last_name': 'Weaver', 'avatar': 'https://reqres.in/img/faces/2-image.jpg'}, {'id': 3, 'email': 'emma.wong@reqres.in', 'first_name': 'Emma', 'last_name': 'Wong', 'avatar': 'https://reqres.in/img/faces/3-image.jpg'}, {'id': 4, 'email': 'eve.holt@reqres.in', 'first_name': 'Eve', 'last_name': 'Holt', 'avatar': 'https://reqres.in/img/faces/4-image.jpg'}, {'id': 5, 'email': 'charles.morris@reqres.in', 'first_name': 'Charles', 'last_name': 'Morris', 'avatar': 'https://reqres.in/img/faces/5-image.jpg'}, {'id': 6, 'email': 'tracey.ramos@reqres.in', 'first_name': 'Tracey', 'last_name': 'Ramos', 'avatar': 'https://reqres.in/img/faces/6-image.jpg'}], 'support': {'url': 'https://reqres.in/#support-heading', 'text': 'To keep ReqRes free, contributions towards server costs are appreciated!'}}
2024-04-19 10:08:20,503 - utilities.logger - INFO - Response status code: 200
2024-04-19 10:08:20,503 - utilities.logger - INFO - Response JSON:
2024-04-19 10:08:20,503 - utilities.logger - INFO - {'name': 'Ray jones', 'job': 'Eye doctor'}
2024-04-19 10:08:20,508 - utilities.logger - INFO - Base URL set to 'https://reqres.in/api'
2024-04-19 10:08:20,509 - utilities.logger - INFO - Sending a DELETE request to '/users/31'
2024-04-19 10:08:20,927 - utilities.logger - INFO - Response status code: 204
2024-04-19 10:08:20,927 - utilities.logger - INFO - Response JSON: 
